<?xml version="1.0" encoding="UTF-8"?>
<testsuite name="TestData" tests="5" skipped="0" failures="0" errors="0" timestamp="2021-11-13T19:27:33" hostname="MAC1041okko.local" time="0.065">
  <properties/>
  <testcase name="testSize()" classname="TestData" time="0.044"/>
  <testcase name="test()" classname="TestData" time="0.004"/>
  <testcase name="test2()" classname="TestData" time="0.004"/>
  <testcase name="test3()" classname="TestData" time="0.003"/>
  <testcase name="test4()" classname="TestData" time="0.004"/>
  <system-out><![CDATA[]]></system-out>
  <system-err><![CDATA[]]></system-err>
</testsuite>
